<!DOCTYPE suite SYSTEM "https://testng.org/testng-1.0.dtd">

<suite name="Suite1" verbose="1">

    <listeners>
        <listener class-name="api.Utilities.Listeners" />
    </listeners>

    <test name="Automation API Test">
        <packages>
            <package name="api.TestCase" />
        </packages>
    </test>
</suite>